<?xml version="1.0" encoding="UTF-8"?>
<!-- Generated by org.testng.reporters.JUnitReportReporter -->
<testsuite hostname="GSPLK-LPA553" failures="0" tests="1" name="day2.JSONSchemaValidation" time="4.308" errors="0" timestamp="2025-01-15T16:56:26 IST" skipped="0">
  <testcase classname="day2.JSONSchemaValidation" name="jsonSchemeValidation" time="4.308"/>
</testsuite> <!-- day2.JSONSchemaValidation -->
