<?xml version="1.0" encoding="UTF-8"?>
<!-- Generated by org.testng.reporters.JUnitReportReporter -->
<testsuite hostname="GSPLK-LPA553" failures="0" tests="1" name="day2.SerializationAndDeserialization" time="0.332" errors="0" timestamp="2025-01-15T23:09:55 IST" skipped="0">
  <testcase classname="day2.SerializationAndDeserialization" name="convertJsonToPojo" time="0.332"/>
</testsuite> <!-- day2.SerializationAndDeserialization -->
