<?xml version="1.0" encoding="UTF-8"?>
<!-- Generated by org.testng.reporters.JUnitReportReporter -->
<testsuite hostname="GSPLK-LPA553" failures="0" tests="4" name="day1.HTTPRequests" time="6.548" errors="0" timestamp="2025-01-14T15:41:31 IST" skipped="0">
  <testcase classname="day1.HTTPRequests" name="singleUser" time="4.615"/>
  <testcase classname="day1.HTTPRequests" name="createUser" time="0.983"/>
  <testcase classname="day1.HTTPRequests" name="updateUser" time="0.439"/>
  <testcase classname="day1.HTTPRequests" name="deleteUser" time="0.511"/>
</testsuite> <!-- day1.HTTPRequests -->
