<?xml version="1.0" encoding="UTF-8"?>
<!-- Generated by org.testng.reporters.JUnitReportReporter -->
<testsuite hostname="GSPLK-LPA553" failures="0" tests="1" name="day3.DeleteUserChaining" time="0.971" errors="0" timestamp="2025-01-16T13:59:43 IST" skipped="0">
  <testcase classname="day3.DeleteUserChaining" name="testDeleteUser" time="0.971"/>
</testsuite> <!-- day3.DeleteUserChaining -->
