<?xml version="1.0" encoding="UTF-8"?>
<!-- Generated by org.testng.reporters.JUnitReportReporter -->
<testsuite hostname="GSPLK-LPA553" failures="0" tests="1" name="day1.PathAndQueryParameters" time="3.142" errors="0" timestamp="2025-01-14T19:48:35 IST" skipped="0">
  <testcase classname="day1.PathAndQueryParameters" name="testQueryAndPathParams" time="3.142"/>
</testsuite> <!-- day1.PathAndQueryParameters -->
