<?xml version="1.0" encoding="UTF-8"?>
<!-- Generated by org.testng.reporters.JUnitReportReporter -->
<testsuite hostname="GSPLK-LPA553" failures="0" tests="4" name="day1.WaysToCreatePostRequestBody" time="8.309" errors="0" timestamp="2025-01-14T18:20:27 IST" skipped="0">
  <testcase classname="day1.WaysToCreatePostRequestBody" name="postReqUsingHashmap" time="6.896"/>
  <testcase classname="day1.WaysToCreatePostRequestBody" name="postReqUsingOrgJson" time="0.503"/>
  <testcase classname="day1.WaysToCreatePostRequestBody" name="postReqUsingPOJOClass" time="0.467"/>
  <testcase classname="day1.WaysToCreatePostRequestBody" name="postReqUsingjsonfile" time="0.443"/>
</testsuite> <!-- day1.WaysToCreatePostRequestBody -->
