<?xml version="1.0" encoding="UTF-8"?>
<!-- Generated by org.testng.reporters.JUnitReportReporter -->
<testsuite hostname="GSPLK-LPA553" failures="0" tests="1" name="day1.CookiesTesting" time="2.922" errors="0" timestamp="2025-01-14T21:55:08 IST" skipped="0">
  <testcase classname="day1.CookiesTesting" name="testCookies" time="2.922"/>
</testsuite> <!-- day1.CookiesTesting -->
