<?xml version="1.0" encoding="UTF-8"?>
<!-- Generated by org.testng.reporters.JUnitReportReporter -->
<testsuite hostname="GSPLK-LPA553" failures="0" tests="1" name="day2.FakeDataGenerator" time="0.337" errors="0" timestamp="2025-01-16T01:00:41 IST" skipped="0">
  <testcase classname="day2.FakeDataGenerator" name="testFaker" time="0.337"/>
</testsuite> <!-- day2.FakeDataGenerator -->
